<?xml version="1.0" encoding="UTF-8"?>
<!-- Generated by org.testng.reporters.JUnitReportReporter -->
<testsuite hostname="GEC-LM-C1MKH0KYDTY4.local" name="br.com.router.registry.test.RouterRegistryTest" tests="1" failures="0" timestamp="3 Aug 2013 16:45:05 GMT" time="0.477" errors="0">
  <testcase name="test" time="0.477" classname="br.com.router.registry.test.RouterRegistryTest"/>
</testsuite> <!-- br.com.router.registry.test.RouterRegistryTest -->
